app/build/intermediates/manifest_merge_blame_file/debug/manifest-merger-blame-debug-report.txt
1<?xml version="1.0" encoding="utf-8"?>
2<manifest xmlns:android="http://schemas.android.com/apk/res/android"
3    package="com.lzw.mongodbdemo"
4    android:versionCode="1"
5    android:versionName="1.0" >
6
7    <uses-sdk
8        android:minSdkVersion="25"
8-->src\main\AndroidManifest.xml
9        android:targetSdkVersion="29" />
9-->src\main\AndroidManifest.xml
10
11    <uses-permission android:name="android.permission.ACCESS_FINE_LOCATION" />
11-->src\main\AndroidManifest.xml:6:5-79
11-->src\main\AndroidManifest.xml:6:22-76
12    <uses-permission android:name="android.permission.INTERNET" />
12-->src\main\AndroidManifest.xml:7:5-67
12-->src\main\AndroidManifest.xml:7:22-64
13    <uses-permission android:name="android.permission.ANSWER_PHONE_CALLS" />
13-->src\main\AndroidManifest.xml:8:5-77
13-->src\main\AndroidManifest.xml:8:22-74
14    <uses-permission android:name="android.permission.CALL_PHONE" />
14-->src\main\AndroidManifest.xml:9:5-68
14-->src\main\AndroidManifest.xml:9:22-66
15    <uses-permission android:name="android.permission.ACCESS_NETWORK_STATE" />
15-->src\main\AndroidManifest.xml:10:5-79
15-->src\main\AndroidManifest.xml:10:22-76
16    <uses-permission android:name="android.permission.WRITE_EXTERNAL_STORAGE" />
16-->src\main\AndroidManifest.xml:11:5-81
16-->src\main\AndroidManifest.xml:11:22-78
17    <uses-permission android:name="android.permission.ACCESS_WIFI_STATE" />
17-->src\main\AndroidManifest.xml:12:5-75
17-->src\main\AndroidManifest.xml:12:22-73
18    <uses-permission android:name="android.permission.INTERNET" />
18-->src\main\AndroidManifest.xml:7:5-67
18-->src\main\AndroidManifest.xml:7:22-64
19    <uses-permission android:name="android.permission.ACCESS_NETWORK_STATE" />
19-->src\main\AndroidManifest.xml:10:5-79
19-->src\main\AndroidManifest.xml:10:22-76
20    <uses-permission android:name="android.permission.READ_EXTERNAL_STORAGE" />
20-->src\main\AndroidManifest.xml:15:5-79
20-->src\main\AndroidManifest.xml:15:22-77
21    <uses-permission android:name="android.permission.WRITE_EXTERNAL_STORAGE" />
21-->src\main\AndroidManifest.xml:11:5-81
21-->src\main\AndroidManifest.xml:11:22-78
22    <uses-permission android:name="android.permission.GET_ACCOUNTS" />
22-->src\main\AndroidManifest.xml:17:5-71
22-->src\main\AndroidManifest.xml:17:22-68
23
24    <supports-screens
24-->[org.osmdroid:osmdroid-android:6.1.5] AndroidManifest.xml:11:5-14:40
25        android:anyDensity="true"
25-->[org.osmdroid:osmdroid-android:6.1.5] AndroidManifest.xml:12:9-34
26        android:largeScreens="true"
26-->[org.osmdroid:osmdroid-android:6.1.5] AndroidManifest.xml:13:9-36
27        android:normalScreens="true" />
27-->[org.osmdroid:osmdroid-android:6.1.5] AndroidManifest.xml:14:9-37
28
29    <uses-feature
29-->[org.osmdroid:osmdroid-android:6.1.5] AndroidManifest.xml:16:5-18:36
30        android:name="android.hardware.location.network"
30-->[org.osmdroid:osmdroid-android:6.1.5] AndroidManifest.xml:17:9-57
31        android:required="false" />
31-->[org.osmdroid:osmdroid-android:6.1.5] AndroidManifest.xml:18:9-33
32    <uses-feature
32-->[org.osmdroid:osmdroid-android:6.1.5] AndroidManifest.xml:19:5-21:36
33        android:name="android.hardware.location.gps"
33-->[org.osmdroid:osmdroid-android:6.1.5] AndroidManifest.xml:20:9-53
34        android:required="false" />
34-->[org.osmdroid:osmdroid-android:6.1.5] AndroidManifest.xml:21:9-33
35    <uses-feature
35-->[org.osmdroid:osmdroid-android:6.1.5] AndroidManifest.xml:22:5-24:36
36        android:name="android.hardware.telephony"
36-->[org.osmdroid:osmdroid-android:6.1.5] AndroidManifest.xml:23:9-50
37        android:required="false" />
37-->[org.osmdroid:osmdroid-android:6.1.5] AndroidManifest.xml:24:9-33
38    <uses-feature
38-->[org.osmdroid:osmdroid-android:6.1.5] AndroidManifest.xml:25:5-27:36
39        android:name="android.hardware.wifi"
39-->[org.osmdroid:osmdroid-android:6.1.5] AndroidManifest.xml:26:9-45
40        android:required="false" />
40-->[org.osmdroid:osmdroid-android:6.1.5] AndroidManifest.xml:27:9-33
41
42    <application
42-->src\main\AndroidManifest.xml:19:5-50:19
43        android:allowBackup="true"
43-->src\main\AndroidManifest.xml:20:9-35
44        android:appComponentFactory="androidx.core.app.CoreComponentFactory"
44-->[androidx.core:core:1.1.0] AndroidManifest.xml:24:18-86
45        android:debuggable="true"
46        android:extractNativeLibs="false"
47        android:icon="@drawable/icon"
47-->src\main\AndroidManifest.xml:21:9-38
48        android:label="@string/app_name"
48-->src\main\AndroidManifest.xml:22:9-41
49        android:networkSecurityConfig="@xml/network_security_config"
49-->src\main\AndroidManifest.xml:25:9-69
50        android:supportsRtl="true"
50-->src\main\AndroidManifest.xml:23:9-35
51        android:testOnly="true"
52        android:theme="@style/AppTheme"
52-->src\main\AndroidManifest.xml:24:9-40
53        android:usesCleartextTraffic="true" >
53-->src\main\AndroidManifest.xml:26:9-44
54        <activity
54-->src\main\AndroidManifest.xml:27:9-30:58
55            android:name="fr.insalyon.painttheworldapp.map"
55-->src\main\AndroidManifest.xml:28:13-32
56            android:label="@string/title_activity_map"
56-->src\main\AndroidManifest.xml:29:13-55
57            android:theme="@style/AppTheme.NoActionBar" />
57-->src\main\AndroidManifest.xml:30:13-56
58        <activity android:name="fr.insalyon.painttheworldapp.Inscription" />
58-->src\main\AndroidManifest.xml:33:9-49
58-->src\main\AndroidManifest.xml:33:19-46
59        <activity android:name="fr.insalyon.painttheworldapp.Login" >
59-->src\main\AndroidManifest.xml:34:9-40:20
59-->src\main\AndroidManifest.xml:34:19-40
60            <intent-filter>
60-->src\main\AndroidManifest.xml:35:13-39:29
61                <action android:name="android.intent.action.MAIN" />
61-->src\main\AndroidManifest.xml:36:17-69
61-->src\main\AndroidManifest.xml:36:25-66
62
63                <category android:name="android.intent.category.LAUNCHER" />
63-->src\main\AndroidManifest.xml:38:17-77
63-->src\main\AndroidManifest.xml:38:27-74
64            </intent-filter>
65        </activity>
66
67        <provider
68            android:name="androidx.core.content.FileProvider"
68-->src\main\AndroidManifest.xml:44:13-62
69            android:authorities="com.lzw.mongodbdemo.provider"
69-->src\main\AndroidManifest.xml:43:13-60
70            android:exported="false"
70-->src\main\AndroidManifest.xml:45:13-37
71            android:grantUriPermissions="true" >
71-->src\main\AndroidManifest.xml:46:13-47
72            <meta-data
72-->src\main\AndroidManifest.xml:47:13-48:68
73                android:name="android.support.FILE_PROVIDER_PATHS"
73-->src\main\AndroidManifest.xml:47:24-74
74                android:resource="@xml/provider_paths" />
74-->src\main\AndroidManifest.xml:48:17-55
75        </provider>
76
77        <activity
77-->[com.google.android.gms:play-services-base:17.0.0] AndroidManifest.xml:23:9-26:75
78            android:name="com.google.android.gms.common.api.GoogleApiActivity"
78-->[com.google.android.gms:play-services-base:17.0.0] AndroidManifest.xml:24:13-79
79            android:exported="false"
79-->[com.google.android.gms:play-services-base:17.0.0] AndroidManifest.xml:25:13-37
80            android:theme="@android:style/Theme.Translucent.NoTitleBar" />
80-->[com.google.android.gms:play-services-base:17.0.0] AndroidManifest.xml:26:13-72
81
82        <meta-data
82-->[com.google.android.gms:play-services-basement:17.0.0] AndroidManifest.xml:23:9-25:69
83            android:name="com.google.android.gms.version"
83-->[com.google.android.gms:play-services-basement:17.0.0] AndroidManifest.xml:24:13-58
84            android:value="@integer/google_play_services_version" />
84-->[com.google.android.gms:play-services-basement:17.0.0] AndroidManifest.xml:25:13-66
85
86        <provider
86-->[androidx.lifecycle:lifecycle-process:2.2.0] AndroidManifest.xml:25:9-29:43
87            android:name="androidx.lifecycle.ProcessLifecycleOwnerInitializer"
87-->[androidx.lifecycle:lifecycle-process:2.2.0] AndroidManifest.xml:26:13-79
88            android:authorities="com.lzw.mongodbdemo.lifecycle-process"
88-->[androidx.lifecycle:lifecycle-process:2.2.0] AndroidManifest.xml:27:13-69
89            android:exported="false"
89-->[androidx.lifecycle:lifecycle-process:2.2.0] AndroidManifest.xml:28:13-37
90            android:multiprocess="true" />
90-->[androidx.lifecycle:lifecycle-process:2.2.0] AndroidManifest.xml:29:13-40
91    </application>
92
93</manifest>